<?xml version="1.0" encoding="UTF-8"?>
<!-- Generated by org.testng.reporters.JUnitReportReporter -->
<testsuite hostname="DESKTOP-3M32H7C" failures="0" tests="1" name="POM.testRunner" time="29.613" errors="0" timestamp="2023-08-12T20:38:42 IST" skipped="0">
  <testcase classname="POM.testRunner" name="Face" time="29.613"/>
</testsuite> <!-- POM.testRunner -->
