<?xml version="1.0" encoding="UTF-8"?>
<!-- Generated by org.testng.reporters.JUnitReportReporter -->
<testsuite hostname="DESKTOP-3M32H7C" failures="0" tests="1" name="JDBC.jd_fetch" time="0.907" errors="0" timestamp="2023-08-19T16:59:11 IST" skipped="0">
  <testcase classname="JDBC.jd_fetch" name="fetch_jd" time="0.907"/>
</testsuite> <!-- JDBC.jd_fetch -->
