<?xml version="1.0" encoding="UTF-8"?>
<!-- Generated by org.testng.reporters.JUnitReportReporter -->
<testsuite hostname="DESKTOP-3M32H7C" failures="0" tests="1" name="Verififcationss.txtVerify" time="15.880" errors="0" timestamp="2023-08-13T16:02:01 IST" skipped="0">
  <testcase classname="Verififcationss.txtVerify" name="facebookk" time="15.880"/>
</testsuite> <!-- Verififcationss.txtVerify -->
