<?xml version="1.0" encoding="UTF-8"?>
<!-- Generated by org.testng.reporters.JUnitReportReporter -->
<testsuite hostname="DESKTOP-3M32H7C" failures="0" tests="3" name="Testng.anno" time="0.026" errors="0" timestamp="2023-08-20T13:48:50 IST" skipped="0">
  <testcase classname="Testng.anno" name="apple" time="0.017">
    <system-out>
      <![CDATA[apple]]>
    </system-out>
  </testcase> <!-- apple -->
  <testcase classname="Testng.anno" name="aanake" time="0.006">
    <system-out>
      <![CDATA[snake]]>
    </system-out>
  </testcase> <!-- aanake -->
  <testcase classname="Testng.anno" name="lion" time="0.003">
    <system-out>
      <![CDATA[lion]]>
    </system-out>
  </testcase> <!-- lion -->
  <system-out>
    <![CDATA[apple
snake
lion]]>
  </system-out>
</testsuite> <!-- Testng.anno -->
