<?xml version="1.0" encoding="UTF-8"?>
<!-- Generated by org.testng.reporters.JUnitReportReporter -->
<testsuite hostname="DESKTOP-3M32H7C" failures="0" tests="1" name="Basic_Hybrid_Framework.Runnerr_Classs" time="48.224" errors="0" timestamp="2023-08-12T22:38:38 IST" skipped="0">
  <testcase classname="Basic_Hybrid_Framework.Runnerr_Classs" name="Ecom" time="48.224"/>
</testsuite> <!-- Basic_Hybrid_Framework.Runnerr_Classs -->
