<?xml version="1.0" encoding="UTF-8"?>
<!-- Generated by org.testng.reporters.JUnitReportReporter -->
<testsuite hostname="DESKTOP-3M32H7C" failures="0" tests="3" name="Browsers.Annotationnn" time="0.019" errors="0" timestamp="2023-08-19T11:29:19 IST" skipped="0">
  <testcase classname="Browsers.Annotationnn" name="apple" time="0.014">
    <system-out>
      <![CDATA[apple]]>
    </system-out>
  </testcase> <!-- apple -->
  <testcase classname="Browsers.Annotationnn" name="lion" time="0.002">
    <system-out>
      <![CDATA[lion]]>
    </system-out>
  </testcase> <!-- lion -->
  <testcase classname="Browsers.Annotationnn" name="aanake" time="0.003">
    <system-out>
      <![CDATA[snake]]>
    </system-out>
  </testcase> <!-- aanake -->
  <system-out>
    <![CDATA[apple
snake
lion]]>
  </system-out>
</testsuite> <!-- Browsers.Annotationnn -->
