<?xml version="1.0" encoding="UTF-8"?>
<!-- Generated by org.testng.reporters.JUnitReportReporter -->
<testsuite hostname="DESKTOP-3M32H7C" failures="0" tests="1" name="Testng.testhi" time="0.012" errors="0" timestamp="2023-08-20T13:49:03 IST" skipped="0">
  <testcase classname="Testng.testhi" name="test" time="0.012">
    <system-out>
      <![CDATA[hiitesting]]>
    </system-out>
  </testcase> <!-- test -->
  <system-out>
    <![CDATA[hiitesting]]>
  </system-out>
</testsuite> <!-- Testng.testhi -->
